<?xml version="1.0" encoding="UTF-8"?>
<!-- Generated by org.testng.reporters.JUnitReportReporter -->
<testsuite hostname="ammu" failures="0" tests="1" name="com.fit.selmor.fb.testcases.FB_TC" time="16.368" errors="0" timestamp="2022-10-18T11:29:23 IST" skipped="0">
  <testcase classname="com.fit.selmor.fb.testcases.FB_TC" name="fb_login" time="16.368"/>
  <system-out/>
</testsuite> <!-- com.fit.selmor.fb.testcases.FB_TC -->
