<?xml version="1.0" encoding="UTF-8"?>
<!-- Generated by org.testng.reporters.JUnitReportReporter -->
<testsuite hostname="ammu" failures="0" tests="3" name="com.fit.selmor.Test1" time="51.119" errors="0" timestamp="2022-10-21T10:59:08 IST" skipped="0">
  <testcase classname="com.fit.selmor.Test1" name="fb" time="15.796"/>
  <system-out/>
  <testcase classname="com.fit.selmor.Test1" name="fb" time="15.805"/>
  <system-out/>
  <testcase classname="com.fit.selmor.Test1" name="fb" time="19.518"/>
  <system-out/>
</testsuite> <!-- com.fit.selmor.Test1 -->
