<?xml version="1.0" encoding="UTF-8"?>
<!-- Generated by org.testng.reporters.JUnitReportReporter -->
<testsuite hostname="ammu" failures="0" tests="2" name="com.fit.selmor.Test2" time="25.721" errors="0" timestamp="2022-10-14T11:29:55 IST" skipped="0">
  <testcase classname="com.fit.selmor.Test2" name="google" time="7.975"/>
  <system-out/>
  <testcase classname="com.fit.selmor.Test2" name="google" time="17.746"/>
  <system-out/>
</testsuite> <!-- com.fit.selmor.Test2 -->
