<?xml version="1.0" encoding="UTF-8"?>
<!-- Generated by org.testng.reporters.JUnitReportReporter -->
<testsuite hostname="ammu" failures="0" tests="3" name="com.fit.selmor.Test1" time="52.814" errors="0" timestamp="2022-09-29T10:55:14 IST" skipped="0">
  <testcase classname="com.fit.selmor.Test1" name="fb" time="17.619"/>
  <system-out/>
  <testcase classname="com.fit.selmor.Test1" name="redbus" time="17.605"/>
  <system-out/>
  <testcase classname="com.fit.selmor.Test1" name="gmail" time="17.590"/>
  <system-out/>
</testsuite> <!-- com.fit.selmor.Test1 -->
